[     305ms] [INFO] %cDownload the React DevTools for a better development experience: https://reactjs.org/link/react-devtools font-weight:bold @ http://localhost:1420/node_modules/.vite/deps/chunk-TPJYOTJD.js?v=38791498:21608
[     404ms] TypeError: Cannot read properties of undefined (reading 'invoke')
    at invoke (http://localhost:1420/node_modules/.vite/deps/chunk-ES5NGWZA.js?v=38791498:109:37)
    at Object.listConnections (http://localhost:1420/src/lib/api.ts?t=1778832206451:4:26)
    at refresh (http://localhost:1420/src/store/connections.ts?t=1778832206451:11:28)
    at http://localhost:1420/src/components/connection/ConnectionTree.tsx?t=1778832308897:122:10
    at commitHookEffectListMount (http://localhost:1420/node_modules/.vite/deps/chunk-TPJYOTJD.js?v=38791498:16963:34)
    at commitPassiveMountOnFiber (http://localhost:1420/node_modules/.vite/deps/chunk-TPJYOTJD.js?v=38791498:18206:19)
    at commitPassiveMountEffects_complete (http://localhost:1420/node_modules/.vite/deps/chunk-TPJYOTJD.js?v=38791498:18179:17)
    at commitPassiveMountEffects_begin (http://localhost:1420/node_modules/.vite/deps/chunk-TPJYOTJD.js?v=38791498:18169:15)
    at commitPassiveMountEffects (http://localhost:1420/node_modules/.vite/deps/chunk-TPJYOTJD.js?v=38791498:18159:11)
    at flushPassiveEffectsImpl (http://localhost:1420/node_modules/.vite/deps/chunk-TPJYOTJD.js?v=38791498:19543:11)
[     406ms] TypeError: Cannot read properties of undefined (reading 'invoke')
    at invoke (http://localhost:1420/node_modules/.vite/deps/chunk-ES5NGWZA.js?v=38791498:109:37)
    at Object.listConnections (http://localhost:1420/src/lib/api.ts?t=1778832206451:4:26)
    at refresh (http://localhost:1420/src/store/connections.ts?t=1778832206451:11:28)
    at http://localhost:1420/src/components/connection/ConnectionTree.tsx?t=1778832308897:122:10
    at commitHookEffectListMount (http://localhost:1420/node_modules/.vite/deps/chunk-TPJYOTJD.js?v=38791498:16963:34)
    at invokePassiveEffectMountInDEV (http://localhost:1420/node_modules/.vite/deps/chunk-TPJYOTJD.js?v=38791498:18374:19)
    at invokeEffectsInDev (http://localhost:1420/node_modules/.vite/deps/chunk-TPJYOTJD.js?v=38791498:19754:19)
    at commitDoubleInvokeEffectsInDEV (http://localhost:1420/node_modules/.vite/deps/chunk-TPJYOTJD.js?v=38791498:19739:15)
    at flushPassiveEffectsImpl (http://localhost:1420/node_modules/.vite/deps/chunk-TPJYOTJD.js?v=38791498:19556:13)
    at flushPassiveEffects (http://localhost:1420/node_modules/.vite/deps/chunk-TPJYOTJD.js?v=38791498:19500:22)
